\BOOKMARK [2][]{Outline0.1}{Recursion vs. Tail-recursion}{}% 1
\BOOKMARK [2][]{Outline0.2}{Named let}{}% 2
\BOOKMARK [2][]{Outline0.3}{Fast recursion}{}% 3
\BOOKMARK [2][]{Outline0.4}{Lists}{}% 4
\BOOKMARK [2][]{Outline0.5}{length}{}% 5
\BOOKMARK [2][]{Outline0.6}{nth}{}% 6
\BOOKMARK [2][]{Outline0.7}{last}{}% 7
\BOOKMARK [2][]{Outline0.8}{scale-list}{}% 8
\BOOKMARK [2][]{Outline0.9}{increment-list}{}% 9
\BOOKMARK [2][]{Outline0.10}{map}{}% 10
\BOOKMARK [2][]{Outline0.11}{scale-list using map}{}% 11
\BOOKMARK [2][]{Outline0.12}{increment-list using map}{}% 12
\BOOKMARK [2][]{Outline0.13}{append}{}% 13
\BOOKMARK [2][]{Outline0.14}{remove}{}% 14
\BOOKMARK [2][]{Outline0.15}{Trees}{}% 15
\BOOKMARK [2][]{Outline0.16}{count-leaves}{}% 16
\BOOKMARK [2][]{Outline0.17}{fringe}{}% 17
\BOOKMARK [2][]{Outline0.18}{sum-fringe}{}% 18
\BOOKMARK [2][]{Outline0.19}{map-tree}{}% 19
\BOOKMARK [2][]{Outline0.20}{scale-tree using map-tree}{}% 20
\BOOKMARK [2][]{Outline0.21}{increment-tree using map-tree}{}% 21
