This is pdfTeX, Version 3.14159265-2.6-1.40.15 (TeX Live 2015/dev/Debian) (preloaded format=pdflatex 2015.6.12)  16 NOV 2015 09:42
entering extended mode
 restricted \write18 enabled.
 %&-line parsing enabled.
**lrparseexamples
(./lrparseexamples.tex
LaTeX2e <2014/05/01>
Babel <3.9l> and hyphenation patterns for 4 languages loaded.
(/usr/share/texlive/texmf-dist/tex/latex/base/article.cls
Document Class: article 2014/09/29 v1.4h Standard LaTeX document class
(/usr/share/texlive/texmf-dist/tex/latex/base/size12.clo
File: size12.clo 2014/09/29 v1.4h Standard LaTeX file (size option)
)
\c@part=\count79
\c@section=\count80
\c@subsection=\count81
\c@subsubsection=\count82
\c@paragraph=\count83
\c@subparagraph=\count84
\c@figure=\count85
\c@table=\count86
\abovecaptionskip=\skip41
\belowcaptionskip=\skip42
\bibindent=\dimen102
)
(/usr/share/texlive/texmf-dist/tex/latex/graphics/graphicx.sty
Package: graphicx 2014/04/25 v1.0g Enhanced LaTeX Graphics (DPC,SPQR)

(/usr/share/texlive/texmf-dist/tex/latex/graphics/keyval.sty
Package: keyval 2014/05/08 v1.15 key=value parser (DPC)
\KV@toks@=\toks14
)
(/usr/share/texlive/texmf-dist/tex/latex/graphics/graphics.sty
Package: graphics 2009/02/05 v1.0o Standard LaTeX Graphics (DPC,SPQR)

(/usr/share/texlive/texmf-dist/tex/latex/graphics/trig.sty
Package: trig 1999/03/16 v1.09 sin cos tan (DPC)
)
(/usr/share/texlive/texmf-dist/tex/latex/latexconfig/graphics.cfg
File: graphics.cfg 2010/04/23 v1.9 graphics configuration of TeX Live
)
Package graphics Info: Driver file: pdftex.def on input line 91.

(/usr/share/texlive/texmf-dist/tex/latex/pdftex-def/pdftex.def
File: pdftex.def 2011/05/27 v0.06d Graphics/color for pdfTeX

(/usr/share/texlive/texmf-dist/tex/generic/oberdiek/infwarerr.sty
Package: infwarerr 2010/04/08 v1.3 Providing info/warning/error messages (HO)
)
(/usr/share/texlive/texmf-dist/tex/generic/oberdiek/ltxcmds.sty
Package: ltxcmds 2011/11/09 v1.22 LaTeX kernel commands for general use (HO)
)
\Gread@gobject=\count87
))
\Gin@req@height=\dimen103
\Gin@req@width=\dimen104
)
(./lrparseexamples.aux)
\openout1 = `lrparseexamples.aux'.

LaTeX Font Info:    Checking defaults for OML/cmm/m/it on input line 24.
LaTeX Font Info:    ... okay on input line 24.
LaTeX Font Info:    Checking defaults for T1/cmr/m/n on input line 24.
LaTeX Font Info:    ... okay on input line 24.
LaTeX Font Info:    Checking defaults for OT1/cmr/m/n on input line 24.
LaTeX Font Info:    ... okay on input line 24.
LaTeX Font Info:    Checking defaults for OMS/cmsy/m/n on input line 24.
LaTeX Font Info:    ... okay on input line 24.
LaTeX Font Info:    Checking defaults for OMX/cmex/m/n on input line 24.
LaTeX Font Info:    ... okay on input line 24.
LaTeX Font Info:    Checking defaults for U/cmr/m/n on input line 24.
LaTeX Font Info:    ... okay on input line 24.

(/usr/share/texlive/texmf-dist/tex/context/base/supp-pdf.mkii
[Loading MPS to PDF converter (version 2006.09.02).]
\scratchcounter=\count88
\scratchdimen=\dimen105
\scratchbox=\box26
\nofMPsegments=\count89
\nofMParguments=\count90
\everyMPshowfont=\toks15
\MPscratchCnt=\count91
\MPscratchDim=\dimen106
\MPnumerator=\count92
\makeMPintoPDFobject=\count93
\everyMPtoPDFconversion=\toks16
) (/usr/share/texlive/texmf-dist/tex/generic/oberdiek/pdftexcmds.sty
Package: pdftexcmds 2011/11/29 v0.20 Utility functions of pdfTeX for LuaTeX (HO
)

(/usr/share/texlive/texmf-dist/tex/generic/oberdiek/ifluatex.sty
Package: ifluatex 2010/03/01 v1.3 Provides the ifluatex switch (HO)
Package ifluatex Info: LuaTeX not detected.
)
(/usr/share/texlive/texmf-dist/tex/generic/oberdiek/ifpdf.sty
Package: ifpdf 2011/01/30 v2.3 Provides the ifpdf switch (HO)
Package ifpdf Info: pdfTeX in PDF mode is detected.
)
Package pdftexcmds Info: LuaTeX not detected.
Package pdftexcmds Info: \pdf@primitive is available.
Package pdftexcmds Info: \pdf@ifprimitive is available.
Package pdftexcmds Info: \pdfdraftmode found.
)
(/usr/share/texlive/texmf-dist/tex/latex/oberdiek/epstopdf-base.sty
Package: epstopdf-base 2010/02/09 v2.5 Base part for package epstopdf

(/usr/share/texlive/texmf-dist/tex/latex/oberdiek/grfext.sty
Package: grfext 2010/08/19 v1.1 Manage graphics extensions (HO)

(/usr/share/texlive/texmf-dist/tex/generic/oberdiek/kvdefinekeys.sty
Package: kvdefinekeys 2011/04/07 v1.3 Define keys (HO)
))
(/usr/share/texlive/texmf-dist/tex/latex/oberdiek/kvoptions.sty
Package: kvoptions 2011/06/30 v3.11 Key value format for package options (HO)

(/usr/share/texlive/texmf-dist/tex/generic/oberdiek/kvsetkeys.sty
Package: kvsetkeys 2012/04/25 v1.16 Key value parser (HO)

(/usr/share/texlive/texmf-dist/tex/generic/oberdiek/etexcmds.sty
Package: etexcmds 2011/02/16 v1.5 Avoid name clashes with e-TeX commands (HO)
Package etexcmds Info: Could not find \expanded.
(etexcmds)             That can mean that you are not using pdfTeX 1.50 or
(etexcmds)             that some package has redefined \expanded.
(etexcmds)             In the latter case, load this package earlier.
)))
Package grfext Info: Graphics extension search list:
(grfext)             [.png,.pdf,.jpg,.mps,.jpeg,.jbig2,.jb2,.PNG,.PDF,.JPG,.JPE
G,.JBIG2,.JB2,.eps]
(grfext)             \AppendGraphicsExtensions on input line 452.

(/usr/share/texlive/texmf-dist/tex/latex/latexconfig/epstopdf-sys.cfg
File: epstopdf-sys.cfg 2010/07/13 v1.3 Configuration of (r)epstopdf for TeX Liv
e
))
LaTeX Font Info:    External font `cmex10' loaded for size
(Font)              <14.4> on input line 25.
LaTeX Font Info:    External font `cmex10' loaded for size
(Font)              <7> on input line 25.
LaTeX Font Info:    External font `cmex10' loaded for size
(Font)              <12> on input line 29.
LaTeX Font Info:    External font `cmex10' loaded for size
(Font)              <8> on input line 29.
LaTeX Font Info:    External font `cmex10' loaded for size
(Font)              <6> on input line 29.

Underfull \hbox (badness 10000) in paragraph at lines 29--30

 []

<figures/lrparseexamples01.png, id=1, 819.06pt x 224.84pt>
File: figures/lrparseexamples01.png Graphic file (type png)

<use figures/lrparseexamples01.png>
Package pdftex.def Info: figures/lrparseexamples01.png used on input line 53.
(pdftex.def)             Requested size: 204.7645pt x 56.20985pt.
 [1

{/var/lib/texmf/fonts/map/pdftex/updmap/pdftex.map} <./figures/lrparseexamples0
1.png>]
Underfull \hbox (badness 10000) in paragraph at lines 61--62

 []

<figures/lrparseexamples02.png, id=12, 819.06pt x 333.245pt>
File: figures/lrparseexamples02.png Graphic file (type png)

<use figures/lrparseexamples02.png>
Package pdftex.def Info: figures/lrparseexamples02.png used on input line 85.
(pdftex.def)             Requested size: 204.7645pt x 83.31104pt.
 [2 <./figures/lrparseexamples02.png>]
Underfull \hbox (badness 10000) in paragraph at lines 89--90

 []

<figures/lrparseexamples03.png, id=16, 1585.925pt x 827.09pt>
File: figures/lrparseexamples03.png Graphic file (type png)

<use figures/lrparseexamples03.png>
Package pdftex.def Info: figures/lrparseexamples03.png used on input line 121.
(pdftex.def)             Requested size: 396.48029pt x 206.77199pt.
 [3 <./figures/lrparseexamples03.png>]
<figures/lrparseexamples04.png, id=20, 1080.035pt x 702.625pt>
File: figures/lrparseexamples04.png Graphic file (type png)

<use figures/lrparseexamples04.png>
Package pdftex.def Info: figures/lrparseexamples04.png used on input line 170.
(pdftex.def)             Requested size: 270.00809pt x 175.6558pt.
 [4 <./figures/lrparseexamples04.png>]
Underfull \hbox (badness 10000) in paragraph at lines 177--178

 []

<figures/lrparseexamples05.png, id=24, 1063.975pt x 349.305pt>
File: figures/lrparseexamples05.png Graphic file (type png)

<use figures/lrparseexamples05.png>
Package pdftex.def Info: figures/lrparseexamples05.png used on input line 207.
(pdftex.def)             Requested size: 265.9931pt x 87.32603pt.
 [5 <./figures/lrparseexamples05.png>]
Underfull \hbox (badness 10000) in paragraph at lines 211--212

 []

<figures/lrparseexamples06.png, id=28, 1063.975pt x 855.195pt>
File: figures/lrparseexamples06.png Graphic file (type png)

<use figures/lrparseexamples06.png>
Package pdftex.def Info: figures/lrparseexamples06.png used on input line 246.
(pdftex.def)             Requested size: 265.9931pt x 213.79823pt.
 [6 <./figures/lrparseexamples06.png>]
Underfull \hbox (badness 10000) in paragraph at lines 251--252

 []

<figures/lrparseexamples07.png, id=32, 1345.025pt x 967.615pt>
File: figures/lrparseexamples07.png Graphic file (type png)

<use figures/lrparseexamples07.png>
Package pdftex.def Info: figures/lrparseexamples07.png used on input line 291.
(pdftex.def)             Requested size: 336.25542pt x 241.90315pt.
 [7 <./figures/lrparseexamples07.png>]
Underfull \hbox (badness 10000) in paragraph at lines 296--297

 []

<figures/lrparseexamples08.png, id=37, 1063.975pt x 955.57pt>
File: figures/lrparseexamples08.png Graphic file (type png)

<use figures/lrparseexamples08.png>
Package pdftex.def Info: figures/lrparseexamples08.png used on input line 334.
(pdftex.def)             Requested size: 265.9931pt x 238.8919pt.
 [8 <./figures/lrparseexamples08.png>]
Underfull \hbox (badness 10000) in paragraph at lines 336--337

 []

<figures/lrparseexamples09.png, id=41, 1080.035pt x 967.615pt>
File: figures/lrparseexamples09.png Graphic file (type png)

<use figures/lrparseexamples09.png>
Package pdftex.def Info: figures/lrparseexamples09.png used on input line 376.
(pdftex.def)             Requested size: 270.00809pt x 241.90315pt.
 [9 <./figures/lrparseexamples09.png>]
Underfull \hbox (badness 10000) in paragraph at lines 379--380

 []

<figures/lrparseexamples10.png, id=45, 1080.035pt x 967.615pt>
File: figures/lrparseexamples10.png Graphic file (type png)

<use figures/lrparseexamples10.png>
Package pdftex.def Info: figures/lrparseexamples10.png used on input line 421.
(pdftex.def)             Requested size: 270.00809pt x 241.90315pt.
 [10 <./figures/lrparseexamples10.png>]
Underfull \hbox (badness 10000) in paragraph at lines 425--426

 []

<figures/lrparseexamples11.png, id=49, 1080.035pt x 983.675pt>
File: figures/lrparseexamples11.png Graphic file (type png)

<use figures/lrparseexamples11.png>
Package pdftex.def Info: figures/lrparseexamples11.png used on input line 470.
(pdftex.def)             Requested size: 270.00809pt x 245.91815pt.
 [11 <./figures/lrparseexamples11.png>]
(./lrparseexamples.aux) ) 
Here is how much of TeX's memory you used:
 1552 strings out of 494977
 23016 string characters out of 6180183
 81492 words of memory out of 5000000
 4773 multiletter control sequences out of 15000+600000
 7895 words of font info for 28 fonts, out of 8000000 for 9000
 36 hyphenation exceptions out of 8191
 37i,7n,23p,237b,189s stack positions out of 5000i,500n,10000p,200000b,80000s
</usr/share/texlive/texmf-dist/fonts/type1/public/amsf
onts/cm/cmbx12.pfb></usr/share/texlive/texmf-dist/fonts/type1/public/amsfonts/c
m/cmmi12.pfb></usr/share/texlive/texmf-dist/fonts/type1/public/amsfonts/cm/cmr1
2.pfb></usr/share/texlive/texmf-dist/fonts/type1/public/amsfonts/cm/cmr17.pfb><
/usr/share/texlive/texmf-dist/fonts/type1/public/amsfonts/cm/cmsy10.pfb>
Output written on lrparseexamples.pdf (11 pages, 259744 bytes).
PDF statistics:
 71 PDF objects out of 1000 (max. 8388607)
 41 compressed objects within 1 object stream
 0 named destinations out of 1000 (max. 500000)
 56 words of extra memory for PDF output out of 10000 (max. 10000000)

