\BOOKMARK [2][]{Outline0.1}{Resources}{}% 1
\BOOKMARK [2][]{Outline0.2}{Running the textbook examples}{}% 2
\BOOKMARK [2][]{Outline0.3}{Every powerful language has}{}% 3
\BOOKMARK [2][]{Outline0.4}{The REPL does the following three things:}{}% 4
\BOOKMARK [2][]{Outline0.5}{There are 4 types of expressions:}{}% 5
\BOOKMARK [2][]{Outline0.6}{Mantras}{}% 6
\BOOKMARK [2][]{Outline0.7}{Finding the value of a combination}{}% 7
\BOOKMARK [2][]{Outline0.8}{Program Evaluation In Lisp}{}% 8
\BOOKMARK [2][]{Outline0.9}{Introducing Local Variables}{}% 9
\BOOKMARK [2][]{Outline0.10}{Beware! This will NOT work.}{}% 10
\BOOKMARK [2][]{Outline0.11}{But this will.}{}% 11
\BOOKMARK [2][]{Outline0.12}{Defining Procedures}{}% 12
\BOOKMARK [2][]{Outline0.13}{Defining Procedures}{}% 13
\BOOKMARK [2][]{Outline0.14}{Defining Procedures}{}% 14
\BOOKMARK [2][]{Outline0.15}{Procedures always return a value}{}% 15
\BOOKMARK [2][]{Outline0.16}{Solving problems}{}% 16
\BOOKMARK [2][]{Outline0.17}{Newton's Method in Scheme}{}% 17
\BOOKMARK [2][]{Outline0.18}{Newton's Method in Scheme}{}% 18
\BOOKMARK [2][]{Outline0.19}{Definitions can be nested}{}% 19
\BOOKMARK [2][]{Outline0.20}{Parameters need not be repeated}{}% 20
\BOOKMARK [2][]{Outline0.21}{Introducing local functions with letrec }{}% 21
\BOOKMARK [2][]{Outline0.22}{Procedures as parameters}{}% 22
\BOOKMARK [2][]{Outline0.23}{Better notation for summations}{}% 23
\BOOKMARK [2][]{Outline0.24}{Better notation for summations}{}% 24
\BOOKMARK [2][]{Outline0.25}{We have the same problem with derivatives}{}% 25
\BOOKMARK [2][]{Outline0.26}{The chain rule}{}% 26
\BOOKMARK [2][]{Outline0.27}{Finding fixed points}{}% 27
\BOOKMARK [2][]{Outline0.28}{Fixed points in scheme:}{}% 28
\BOOKMARK [2][]{Outline0.29}{Remember Newton's Method?}{}% 29
\BOOKMARK [2][]{Outline0.30}{Procedures as Returned Values}{}% 30
\BOOKMARK [2][]{Outline0.31}{Note that this would be more confusing:}{}% 31
\BOOKMARK [2][]{Outline0.32}{Procedures as Returned Values: Derivatives}{}% 32
\BOOKMARK [2][]{Outline0.33}{Procedures as Returned Values: Procedures as Data}{}% 33
\BOOKMARK [2][]{Outline0.34}{Procedures as Returned Values}{}% 34
